d:\baseappopengl_t3821\baseappopengl\debug\vc143.pdb
d:\baseappopengl_t3821\baseappopengl\debug\vc143.idb
d:\baseappopengl_t3821\baseappopengl\debug\scenemanager.obj
d:\baseappopengl_t3821\baseappopengl\debug\scenebaseclass.obj
d:\baseappopengl_t3821\baseappopengl\debug\scene3.obj
d:\baseappopengl_t3821\baseappopengl\debug\scene2.obj
d:\baseappopengl_t3821\baseappopengl\debug\scene1.obj
d:\baseappopengl_t3821\baseappopengl\debug\main.obj
d:\baseappopengl_t3821\baseappopengl\debug\helpers.obj
d:\baseappopengl_t3821\baseappopengl\debug\gltexture.obj
d:\baseappopengl_t3821\baseappopengl\debug\ctimer.obj
d:\baseappopengl_t3821\baseappopengl\debug\ctexture.obj
d:\baseappopengl_t3821\baseappopengl\debug\ctexto.obj
d:\baseappopengl_t3821\baseappopengl\debug\cterreno.obj
d:\baseappopengl_t3821\baseappopengl\debug\cshadermanager.obj
d:\baseappopengl_t3821\baseappopengl\debug\cmodel_3ds.obj
d:\baseappopengl_t3821\baseappopengl\debug\ccamera.obj
d:\baseappopengl_t3821\baseappopengl\debug\baseappopengl.ilk
d:\baseappopengl_t3821\debug\baseappopengl.exe
d:\baseappopengl_t3821\debug\baseappopengl.pdb
d:\baseappopengl_t3821\baseappopengl\debug\baseappopengl.tlog\cl.command.1.tlog
d:\baseappopengl_t3821\baseappopengl\debug\baseappopengl.tlog\cl.items.tlog
d:\baseappopengl_t3821\baseappopengl\debug\baseappopengl.tlog\cl.read.1.tlog
d:\baseappopengl_t3821\baseappopengl\debug\baseappopengl.tlog\cl.write.1.tlog
d:\baseappopengl_t3821\baseappopengl\debug\baseappopengl.tlog\link.command.1.tlog
d:\baseappopengl_t3821\baseappopengl\debug\baseappopengl.tlog\link.read.1.tlog
d:\baseappopengl_t3821\baseappopengl\debug\baseappopengl.tlog\link.write.1.tlog
